<?xml version="1.0" encoding="UTF-8"?>
<!-- Generated by org.testng.reporters.JUnitReportReporter -->
<testsuite hostname="DESKTOP-HPJSRES" failures="0" tests="1" name="testcases.Dictionary" time="0.770" errors="0" timestamp="2020-07-16T17:44:33 IST" skipped="0">
  <testcase classname="testcases.Dictionary" name="dictionatyTestcase" time="0.770"/>
  <system-out/>
</testsuite> <!-- testcases.Dictionary -->
