<?xml version="1.0" encoding="UTF-8"?>
<!-- Generated by org.testng.reporters.JUnitReportReporter -->
<testsuite hostname="DESKTOP-HPJSRES" failures="0" tests="1" name="testcases.AdminTC" time="2.729" errors="0" timestamp="2020-07-16T17:44:33 IST" skipped="0">
  <testcase classname="testcases.AdminTC" name="admin" time="2.729"/>
  <system-out/>
</testsuite> <!-- testcases.AdminTC -->
