<?xml version="1.0" encoding="UTF-8"?>
<!-- Generated by org.testng.reporters.JUnitReportReporter -->
<testsuite hostname="DESKTOP-HPJSRES" failures="0" tests="2" name="testcases.LoginTC" time="4.708" errors="0" timestamp="2020-07-16T17:44:33 IST" skipped="0">
  <testcase classname="testcases.LoginTC" name="login1" time="1.013"/>
  <system-out/>
  <testcase classname="testcases.LoginTC" name="login" time="3.695"/>
  <system-out/>
</testsuite> <!-- testcases.LoginTC -->
